2020-10-21T14:20:11-0400 [INFO    ] dandi Traversing remote dandisets (000019) recursively
2020-10-21T14:20:11-0400 [INFO    ] backups2datalad.py Updating metadata file
2020-10-21T14:20:13-0400 [INFO    ] backups2datalad.py Syncing asset /sub-EC2/sub-EC2_ses-EC2-B1.nwb
2020-10-21T14:20:13-0400 [WARNING ] backups2datalad.py Asset metadata does not include sha256 hash
2020-10-21T14:20:13-0400 [INFO    ] backups2datalad.py Asset not in dataset; will copy
2020-10-21T14:20:13-0400 [INFO    ] backups2datalad.py cp /mnt/backup/dandi/dandiarchive-s3-backup/girder-assetstore/a5/84/a5843b460add4fd38e2227878f8891dd -> /mnt/backup/dandi/dandisets/000019/sub-EC2/sub-EC2_ses-EC2-B1.nwb
2020-10-21T14:20:13-0400 [INFO    ] backups2datalad.py Adding asset to dataset
2020-10-21T14:20:27-0400 [INFO    ] backups2datalad.py Adding URL https://dandiarchive.s3.amazonaws.com/girder-assetstore/a5/84/a5843b460add4fd38e2227878f8891dd?versionId=Re2mWMLAJSmwanTf1xspGxTGC4o7nGav to asset
2020-10-21T14:20:27-0400 [INFO    ] backups2datalad.py Syncing asset /sub-EC2/sub-EC2_ses-EC2-B105.nwb
2020-10-21T14:20:27-0400 [WARNING ] backups2datalad.py Asset metadata does not include sha256 hash
2020-10-21T14:20:28-0400 [INFO    ] backups2datalad.py Asset not in dataset; will copy
2020-10-21T14:20:28-0400 [INFO    ] backups2datalad.py cp /mnt/backup/dandi/dandiarchive-s3-backup/girder-assetstore/00/89/0089c887ecc84257a32473b55b1d40d6 -> /mnt/backup/dandi/dandisets/000019/sub-EC2/sub-EC2_ses-EC2-B105.nwb
2020-10-21T14:20:28-0400 [INFO    ] backups2datalad.py Adding asset to dataset
2020-10-21T14:20:40-0400 [INFO    ] backups2datalad.py Adding URL https://dandiarchive.s3.amazonaws.com/girder-assetstore/00/89/0089c887ecc84257a32473b55b1d40d6?versionId=HlvFYKLMIth_bOQ5hVzNjO2h.4oMLmpQ to asset
2020-10-21T14:20:40-0400 [INFO    ] backups2datalad.py Syncing asset /sub-EC2/sub-EC2_ses-EC2-B15.nwb
2020-10-21T14:20:40-0400 [WARNING ] backups2datalad.py Asset metadata does not include sha256 hash
2020-10-21T14:20:41-0400 [INFO    ] backups2datalad.py Asset not in dataset; will copy
2020-10-21T14:20:41-0400 [INFO    ] backups2datalad.py cp /mnt/backup/dandi/dandiarchive-s3-backup/girder-assetstore/ea/8a/ea8afcad379d4d36b17e1986e02e5544 -> /mnt/backup/dandi/dandisets/000019/sub-EC2/sub-EC2_ses-EC2-B15.nwb
2020-10-21T14:20:41-0400 [INFO    ] backups2datalad.py Adding asset to dataset
2020-10-21T14:20:51-0400 [INFO    ] backups2datalad.py Adding URL https://dandiarchive.s3.amazonaws.com/girder-assetstore/ea/8a/ea8afcad379d4d36b17e1986e02e5544?versionId=Q0BRxSh7jPIESVHw7d3sw7rPzVuiR5j5 to asset
2020-10-21T14:20:51-0400 [INFO    ] backups2datalad.py Syncing asset /sub-EC2/sub-EC2_ses-EC2-B76.nwb
2020-10-21T14:20:51-0400 [WARNING ] backups2datalad.py Asset metadata does not include sha256 hash
2020-10-21T14:20:51-0400 [INFO    ] backups2datalad.py Asset not in dataset; will copy
2020-10-21T14:20:51-0400 [INFO    ] backups2datalad.py cp /mnt/backup/dandi/dandiarchive-s3-backup/girder-assetstore/4f/19/4f19b074bf8d4978aea5b9b978d26969 -> /mnt/backup/dandi/dandisets/000019/sub-EC2/sub-EC2_ses-EC2-B76.nwb
2020-10-21T14:20:51-0400 [INFO    ] backups2datalad.py Adding asset to dataset
2020-10-21T14:21:05-0400 [INFO    ] backups2datalad.py Adding URL https://dandiarchive.s3.amazonaws.com/girder-assetstore/4f/19/4f19b074bf8d4978aea5b9b978d26969?versionId=Y.S5_NM_kVpK2_HO87cQJQ30JrhGg1d6 to asset
2020-10-21T14:21:05-0400 [INFO    ] backups2datalad.py Syncing asset /sub-EC2/sub-EC2_ses-EC2-B8.nwb
2020-10-21T14:21:05-0400 [WARNING ] backups2datalad.py Asset metadata does not include sha256 hash
2020-10-21T14:21:06-0400 [INFO    ] backups2datalad.py Asset not in dataset; will copy
2020-10-21T14:21:06-0400 [INFO    ] backups2datalad.py cp /mnt/backup/dandi/dandiarchive-s3-backup/girder-assetstore/45/9e/459e52240dee43168f5352631040366a -> /mnt/backup/dandi/dandisets/000019/sub-EC2/sub-EC2_ses-EC2-B8.nwb
2020-10-21T14:21:06-0400 [INFO    ] backups2datalad.py Adding asset to dataset
2020-10-21T14:21:17-0400 [INFO    ] backups2datalad.py Adding URL https://dandiarchive.s3.amazonaws.com/girder-assetstore/45/9e/459e52240dee43168f5352631040366a?versionId=pBFZQ31MJ2cGLSmA0Zy5c9sNj6XyLfBL to asset
2020-10-21T14:21:18-0400 [INFO    ] backups2datalad.py Syncing asset /sub-EC2/sub-EC2_ses-EC2-B89.nwb
2020-10-21T14:21:18-0400 [WARNING ] backups2datalad.py Asset metadata does not include sha256 hash
2020-10-21T14:21:18-0400 [INFO    ] backups2datalad.py Asset not in dataset; will copy
2020-10-21T14:21:18-0400 [INFO    ] backups2datalad.py cp /mnt/backup/dandi/dandiarchive-s3-backup/girder-assetstore/cb/2b/cb2b098829a746c9af5b9a8bdf53c3ff -> /mnt/backup/dandi/dandisets/000019/sub-EC2/sub-EC2_ses-EC2-B89.nwb
2020-10-21T14:21:18-0400 [INFO    ] backups2datalad.py Adding asset to dataset
2020-10-21T14:21:29-0400 [INFO    ] backups2datalad.py Adding URL https://dandiarchive.s3.amazonaws.com/girder-assetstore/cb/2b/cb2b098829a746c9af5b9a8bdf53c3ff?versionId=e5NPhdm4JqJirFugdRQH_Y5xyeUYViz. to asset
2020-10-21T14:21:29-0400 [INFO    ] backups2datalad.py Syncing asset /sub-EC2/sub-EC2_ses-EC2-B9.nwb
2020-10-21T14:21:29-0400 [WARNING ] backups2datalad.py Asset metadata does not include sha256 hash
2020-10-21T14:21:29-0400 [INFO    ] backups2datalad.py Asset not in dataset; will copy
2020-10-21T14:21:29-0400 [INFO    ] backups2datalad.py cp /mnt/backup/dandi/dandiarchive-s3-backup/girder-assetstore/c5/a6/c5a6e24964294370ac7dbe22580dc861 -> /mnt/backup/dandi/dandisets/000019/sub-EC2/sub-EC2_ses-EC2-B9.nwb
2020-10-21T14:21:29-0400 [INFO    ] backups2datalad.py Adding asset to dataset
2020-10-21T14:21:39-0400 [INFO    ] backups2datalad.py Adding URL https://dandiarchive.s3.amazonaws.com/girder-assetstore/c5/a6/c5a6e24964294370ac7dbe22580dc861?versionId=TNWOqZT3dc3bgBP4mFbQI5OuwZCAjF4r to asset
2020-10-21T14:21:40-0400 [INFO    ] backups2datalad.py Syncing asset /sub-EC9/sub-EC9_ses-EC9-B15.nwb
2020-10-21T14:21:40-0400 [WARNING ] backups2datalad.py Asset metadata does not include sha256 hash
2020-10-21T14:21:40-0400 [INFO    ] backups2datalad.py Asset not in dataset; will copy
2020-10-21T14:21:40-0400 [INFO    ] backups2datalad.py cp /mnt/backup/dandi/dandiarchive-s3-backup/girder-assetstore/0c/1a/0c1a49ea383242368609d60b59b276de -> /mnt/backup/dandi/dandisets/000019/sub-EC9/sub-EC9_ses-EC9-B15.nwb
2020-10-21T14:21:40-0400 [INFO    ] backups2datalad.py Adding asset to dataset
2020-10-21T14:21:44-0400 [INFO    ] backups2datalad.py Adding URL https://dandiarchive.s3.amazonaws.com/girder-assetstore/0c/1a/0c1a49ea383242368609d60b59b276de?versionId=Rh8Uvm_CSY6YdhIGIjguSZpKWCwCR3tB to asset
2020-10-21T14:21:44-0400 [INFO    ] backups2datalad.py Syncing asset /sub-EC9/sub-EC9_ses-EC9-B39.nwb
2020-10-21T14:21:44-0400 [WARNING ] backups2datalad.py Asset metadata does not include sha256 hash
2020-10-21T14:21:44-0400 [INFO    ] backups2datalad.py Asset not in dataset; will copy
2020-10-21T14:21:44-0400 [INFO    ] backups2datalad.py cp /mnt/backup/dandi/dandiarchive-s3-backup/girder-assetstore/c9/09/c9098addd4384dc0b32c0584a7850fe0 -> /mnt/backup/dandi/dandisets/000019/sub-EC9/sub-EC9_ses-EC9-B39.nwb
2020-10-21T14:21:45-0400 [INFO    ] backups2datalad.py Adding asset to dataset
2020-10-21T14:22:01-0400 [INFO    ] backups2datalad.py Adding URL https://dandiarchive.s3.amazonaws.com/girder-assetstore/c9/09/c9098addd4384dc0b32c0584a7850fe0?versionId=MbZJipSQjo4y3KNoD1ilOdPgcIdLZC7A to asset
2020-10-21T14:22:01-0400 [INFO    ] backups2datalad.py Syncing asset /sub-EC9/sub-EC9_ses-EC9-B46.nwb
2020-10-21T14:22:01-0400 [WARNING ] backups2datalad.py Asset metadata does not include sha256 hash
2020-10-21T14:22:01-0400 [INFO    ] backups2datalad.py Asset not in dataset; will copy
2020-10-21T14:22:01-0400 [INFO    ] backups2datalad.py cp /mnt/backup/dandi/dandiarchive-s3-backup/girder-assetstore/3b/b5/3bb5af1723b24ca6b71cf1810c8b5c52 -> /mnt/backup/dandi/dandisets/000019/sub-EC9/sub-EC9_ses-EC9-B46.nwb
2020-10-21T14:22:02-0400 [INFO    ] backups2datalad.py Adding asset to dataset
2020-10-21T14:22:19-0400 [INFO    ] backups2datalad.py Adding URL https://dandiarchive.s3.amazonaws.com/girder-assetstore/3b/b5/3bb5af1723b24ca6b71cf1810c8b5c52?versionId=4F1drVPhzMp1PUNzAxdSnH3RnisCxDAP to asset
2020-10-21T14:22:19-0400 [INFO    ] backups2datalad.py Syncing asset /sub-EC9/sub-EC9_ses-EC9-B49.nwb
2020-10-21T14:22:19-0400 [WARNING ] backups2datalad.py Asset metadata does not include sha256 hash
2020-10-21T14:22:19-0400 [INFO    ] backups2datalad.py Asset not in dataset; will copy
2020-10-21T14:22:19-0400 [INFO    ] backups2datalad.py cp /mnt/backup/dandi/dandiarchive-s3-backup/girder-assetstore/14/be/14bec555b3bb41b1b32e7b04da8865a4 -> /mnt/backup/dandi/dandisets/000019/sub-EC9/sub-EC9_ses-EC9-B49.nwb
2020-10-21T14:22:19-0400 [INFO    ] backups2datalad.py Adding asset to dataset
2020-10-21T14:22:35-0400 [INFO    ] backups2datalad.py Adding URL https://dandiarchive.s3.amazonaws.com/girder-assetstore/14/be/14bec555b3bb41b1b32e7b04da8865a4?versionId=9laY0VxT2CmwJT27AQGXb2udaYMb.yyD to asset
2020-10-21T14:22:36-0400 [INFO    ] backups2datalad.py Syncing asset /sub-EC9/sub-EC9_ses-EC9-B53.nwb
2020-10-21T14:22:36-0400 [WARNING ] backups2datalad.py Asset metadata does not include sha256 hash
2020-10-21T14:22:36-0400 [INFO    ] backups2datalad.py Asset not in dataset; will copy
2020-10-21T14:22:36-0400 [INFO    ] backups2datalad.py cp /mnt/backup/dandi/dandiarchive-s3-backup/girder-assetstore/e9/24/e9248385f286454d993fd5e11c1225c7 -> /mnt/backup/dandi/dandisets/000019/sub-EC9/sub-EC9_ses-EC9-B53.nwb
2020-10-21T14:22:36-0400 [INFO    ] backups2datalad.py Adding asset to dataset
2020-10-21T14:22:53-0400 [INFO    ] backups2datalad.py Adding URL https://dandiarchive.s3.amazonaws.com/girder-assetstore/e9/24/e9248385f286454d993fd5e11c1225c7?versionId=ri1nu8MITw5KDtIP8oktXl6mefygE4Ul to asset
2020-10-21T14:22:54-0400 [INFO    ] backups2datalad.py Syncing asset /sub-EC9/sub-EC9_ses-EC9-B60.nwb
2020-10-21T14:22:54-0400 [WARNING ] backups2datalad.py Asset metadata does not include sha256 hash
2020-10-21T14:22:54-0400 [INFO    ] backups2datalad.py Asset not in dataset; will copy
2020-10-21T14:22:54-0400 [INFO    ] backups2datalad.py cp /mnt/backup/dandi/dandiarchive-s3-backup/girder-assetstore/d9/0f/d90f25f45fa64a929d690b1f8c41c95d -> /mnt/backup/dandi/dandisets/000019/sub-EC9/sub-EC9_ses-EC9-B60.nwb
2020-10-21T14:22:54-0400 [INFO    ] backups2datalad.py Adding asset to dataset
2020-10-21T14:23:11-0400 [INFO    ] backups2datalad.py Adding URL https://dandiarchive.s3.amazonaws.com/girder-assetstore/d9/0f/d90f25f45fa64a929d690b1f8c41c95d?versionId=VTEmESRQt8iuOsy3V4hblyagIOkGaPw_ to asset
2020-10-21T14:23:11-0400 [INFO    ] backups2datalad.py Syncing asset /sub-EC9/sub-EC9_ses-EC9-B63.nwb
2020-10-21T14:23:11-0400 [WARNING ] backups2datalad.py Asset metadata does not include sha256 hash
2020-10-21T14:23:11-0400 [INFO    ] backups2datalad.py Asset not in dataset; will copy
2020-10-21T14:23:11-0400 [INFO    ] backups2datalad.py cp /mnt/backup/dandi/dandiarchive-s3-backup/girder-assetstore/1f/6c/1f6ce66625d14ebba7565e3d9c206aa6 -> /mnt/backup/dandi/dandisets/000019/sub-EC9/sub-EC9_ses-EC9-B63.nwb
2020-10-21T14:23:11-0400 [INFO    ] backups2datalad.py Adding asset to dataset
2020-10-21T14:23:29-0400 [INFO    ] backups2datalad.py Adding URL https://dandiarchive.s3.amazonaws.com/girder-assetstore/1f/6c/1f6ce66625d14ebba7565e3d9c206aa6?versionId=CSWgjHRCQ3pE9IhCkKGCMRY0idaHlt70 to asset
2020-10-21T14:23:29-0400 [INFO    ] backups2datalad.py Syncing asset /sub-GP31/sub-GP31_ses-GP31-B1.nwb
2020-10-21T14:23:29-0400 [WARNING ] backups2datalad.py Asset metadata does not include sha256 hash
2020-10-21T14:23:29-0400 [INFO    ] backups2datalad.py Asset not in dataset; will copy
2020-10-21T14:23:29-0400 [INFO    ] backups2datalad.py cp /mnt/backup/dandi/dandiarchive-s3-backup/girder-assetstore/1d/54/1d54e567776c4bbfa91db65bafda4fca -> /mnt/backup/dandi/dandisets/000019/sub-GP31/sub-GP31_ses-GP31-B1.nwb
2020-10-21T14:23:29-0400 [INFO    ] backups2datalad.py Adding asset to dataset
2020-10-21T14:23:37-0400 [INFO    ] backups2datalad.py Adding URL https://dandiarchive.s3.amazonaws.com/girder-assetstore/1d/54/1d54e567776c4bbfa91db65bafda4fca?versionId=kGY1qPxpDkzIdAVSJzh4ASzyhJUSjrM9 to asset
2020-10-21T14:23:37-0400 [INFO    ] backups2datalad.py Syncing asset /sub-GP31/sub-GP31_ses-GP31-B2.nwb
2020-10-21T14:23:37-0400 [WARNING ] backups2datalad.py Asset metadata does not include sha256 hash
2020-10-21T14:23:37-0400 [INFO    ] backups2datalad.py Asset not in dataset; will copy
2020-10-21T14:23:37-0400 [INFO    ] backups2datalad.py cp /mnt/backup/dandi/dandiarchive-s3-backup/girder-assetstore/cf/09/cf09980f5ae645ff8c5a9ec5d613ff44 -> /mnt/backup/dandi/dandisets/000019/sub-GP31/sub-GP31_ses-GP31-B2.nwb
2020-10-21T14:23:37-0400 [INFO    ] backups2datalad.py Adding asset to dataset
2020-10-21T14:23:47-0400 [INFO    ] backups2datalad.py Adding URL https://dandiarchive.s3.amazonaws.com/girder-assetstore/cf/09/cf09980f5ae645ff8c5a9ec5d613ff44?versionId=.ztpeNo5uToqVcoR9UiJX39Phaj9rJsN to asset
2020-10-21T14:23:47-0400 [INFO    ] backups2datalad.py Syncing asset /sub-GP31/sub-GP31_ses-GP31-B21.nwb
2020-10-21T14:23:47-0400 [WARNING ] backups2datalad.py Asset metadata does not include sha256 hash
2020-10-21T14:23:48-0400 [INFO    ] backups2datalad.py Asset not in dataset; will copy
2020-10-21T14:23:48-0400 [INFO    ] backups2datalad.py cp /mnt/backup/dandi/dandiarchive-s3-backup/girder-assetstore/e4/c3/e4c33c1188394889a445779a51ec0ec5 -> /mnt/backup/dandi/dandisets/000019/sub-GP31/sub-GP31_ses-GP31-B21.nwb
2020-10-21T14:23:48-0400 [INFO    ] backups2datalad.py Adding asset to dataset
2020-10-21T14:23:55-0400 [INFO    ] backups2datalad.py Adding URL https://dandiarchive.s3.amazonaws.com/girder-assetstore/e4/c3/e4c33c1188394889a445779a51ec0ec5?versionId=kh.yMK0LxcV6v20uJ33RoQeTnTf_4zxj to asset
2020-10-21T14:23:56-0400 [INFO    ] backups2datalad.py Syncing asset /sub-GP31/sub-GP31_ses-GP31-B4.nwb
2020-10-21T14:23:56-0400 [WARNING ] backups2datalad.py Asset metadata does not include sha256 hash
2020-10-21T14:23:56-0400 [INFO    ] backups2datalad.py Asset not in dataset; will copy
2020-10-21T14:23:56-0400 [INFO    ] backups2datalad.py cp /mnt/backup/dandi/dandiarchive-s3-backup/girder-assetstore/5c/ac/5cacefcb29be437287e7041f5d485901 -> /mnt/backup/dandi/dandisets/000019/sub-GP31/sub-GP31_ses-GP31-B4.nwb
2020-10-21T14:23:56-0400 [INFO    ] backups2datalad.py Adding asset to dataset
2020-10-21T14:24:04-0400 [INFO    ] backups2datalad.py Adding URL https://dandiarchive.s3.amazonaws.com/girder-assetstore/5c/ac/5cacefcb29be437287e7041f5d485901?versionId=WmABSCxqPfWWsyIRfu9RAaWE7uD6cZDU to asset
2020-10-21T14:24:05-0400 [INFO    ] backups2datalad.py Syncing asset /sub-GP31/sub-GP31_ses-GP31-B6.nwb
2020-10-21T14:24:05-0400 [WARNING ] backups2datalad.py Asset metadata does not include sha256 hash
2020-10-21T14:24:05-0400 [INFO    ] backups2datalad.py Asset not in dataset; will copy
2020-10-21T14:24:05-0400 [INFO    ] backups2datalad.py cp /mnt/backup/dandi/dandiarchive-s3-backup/girder-assetstore/2f/2a/2f2adb21132648b9a5f0b3b9aa44da22 -> /mnt/backup/dandi/dandisets/000019/sub-GP31/sub-GP31_ses-GP31-B6.nwb
2020-10-21T14:24:05-0400 [INFO    ] backups2datalad.py Adding asset to dataset
2020-10-21T14:24:16-0400 [INFO    ] backups2datalad.py Adding URL https://dandiarchive.s3.amazonaws.com/girder-assetstore/2f/2a/2f2adb21132648b9a5f0b3b9aa44da22?versionId=jV8v5iRwsb.5naWczJR6SzUcHRIDnoti to asset
2020-10-21T14:24:16-0400 [INFO    ] backups2datalad.py Syncing asset /sub-GP31/sub-GP31_ses-GP31-B63.nwb
2020-10-21T14:24:16-0400 [WARNING ] backups2datalad.py Asset metadata does not include sha256 hash
2020-10-21T14:24:17-0400 [INFO    ] backups2datalad.py Asset not in dataset; will copy
2020-10-21T14:24:17-0400 [INFO    ] backups2datalad.py cp /mnt/backup/dandi/dandiarchive-s3-backup/girder-assetstore/92/70/9270648967bd44a8bd1c359ef952cf48 -> /mnt/backup/dandi/dandisets/000019/sub-GP31/sub-GP31_ses-GP31-B63.nwb
2020-10-21T14:24:17-0400 [INFO    ] backups2datalad.py Adding asset to dataset
2020-10-21T14:24:25-0400 [INFO    ] backups2datalad.py Adding URL https://dandiarchive.s3.amazonaws.com/girder-assetstore/92/70/9270648967bd44a8bd1c359ef952cf48?versionId=VSzHpMUlBCXYf.FuZ17e0Mh1FF90dZGI to asset
2020-10-21T14:24:25-0400 [INFO    ] backups2datalad.py Syncing asset /sub-GP31/sub-GP31_ses-GP31-B65.nwb
2020-10-21T14:24:25-0400 [WARNING ] backups2datalad.py Asset metadata does not include sha256 hash
2020-10-21T14:24:26-0400 [INFO    ] backups2datalad.py Asset not in dataset; will copy
2020-10-21T14:24:26-0400 [INFO    ] backups2datalad.py cp /mnt/backup/dandi/dandiarchive-s3-backup/girder-assetstore/8c/f0/8cf0a3d5c4bd4f6c8969371a27727e6b -> /mnt/backup/dandi/dandisets/000019/sub-GP31/sub-GP31_ses-GP31-B65.nwb
2020-10-21T14:24:26-0400 [INFO    ] backups2datalad.py Adding asset to dataset
2020-10-21T14:24:33-0400 [INFO    ] backups2datalad.py Adding URL https://dandiarchive.s3.amazonaws.com/girder-assetstore/8c/f0/8cf0a3d5c4bd4f6c8969371a27727e6b?versionId=ncqCHP1hQHD5V_ZYxTYnnuA5yaROUl0T to asset
2020-10-21T14:24:33-0400 [INFO    ] backups2datalad.py Syncing asset /sub-GP31/sub-GP31_ses-GP31-B67.nwb
2020-10-21T14:24:33-0400 [WARNING ] backups2datalad.py Asset metadata does not include sha256 hash
2020-10-21T14:24:34-0400 [INFO    ] backups2datalad.py Asset not in dataset; will copy
2020-10-21T14:24:34-0400 [INFO    ] backups2datalad.py cp /mnt/backup/dandi/dandiarchive-s3-backup/girder-assetstore/c7/66/c766d51e89b544ca95c0918084b55f17 -> /mnt/backup/dandi/dandisets/000019/sub-GP31/sub-GP31_ses-GP31-B67.nwb
2020-10-21T14:24:34-0400 [INFO    ] backups2datalad.py Adding asset to dataset
2020-10-21T14:24:42-0400 [INFO    ] backups2datalad.py Adding URL https://dandiarchive.s3.amazonaws.com/girder-assetstore/c7/66/c766d51e89b544ca95c0918084b55f17?versionId=Hw1yosmCBsCLeRwKl5stCsBenyI1kqXl to asset
2020-10-21T14:24:42-0400 [INFO    ] backups2datalad.py Syncing asset /sub-GP31/sub-GP31_ses-GP31-B69.nwb
2020-10-21T14:24:42-0400 [WARNING ] backups2datalad.py Asset metadata does not include sha256 hash
2020-10-21T14:24:43-0400 [INFO    ] backups2datalad.py Asset not in dataset; will copy
2020-10-21T14:24:43-0400 [INFO    ] backups2datalad.py cp /mnt/backup/dandi/dandiarchive-s3-backup/girder-assetstore/50/fe/50fed8d0e9124b42ae1cb27f6d9f2b3a -> /mnt/backup/dandi/dandisets/000019/sub-GP31/sub-GP31_ses-GP31-B69.nwb
2020-10-21T14:24:43-0400 [INFO    ] backups2datalad.py Adding asset to dataset
2020-10-21T14:24:52-0400 [INFO    ] backups2datalad.py Adding URL https://dandiarchive.s3.amazonaws.com/girder-assetstore/50/fe/50fed8d0e9124b42ae1cb27f6d9f2b3a?versionId=hlFFXnlLKmVpE73O0..giO0flxSe4o.Z to asset
2020-10-21T14:24:53-0400 [INFO    ] backups2datalad.py Syncing asset /sub-GP31/sub-GP31_ses-GP31-B71.nwb
2020-10-21T14:24:53-0400 [WARNING ] backups2datalad.py Asset metadata does not include sha256 hash
2020-10-21T14:24:53-0400 [INFO    ] backups2datalad.py Asset not in dataset; will copy
2020-10-21T14:24:53-0400 [INFO    ] backups2datalad.py cp /mnt/backup/dandi/dandiarchive-s3-backup/girder-assetstore/3b/2f/3b2f7fb46ee0401bb9cc9db5f2106ed3 -> /mnt/backup/dandi/dandisets/000019/sub-GP31/sub-GP31_ses-GP31-B71.nwb
2020-10-21T14:24:53-0400 [INFO    ] backups2datalad.py Adding asset to dataset
2020-10-21T14:25:05-0400 [INFO    ] backups2datalad.py Adding URL https://dandiarchive.s3.amazonaws.com/girder-assetstore/3b/2f/3b2f7fb46ee0401bb9cc9db5f2106ed3?versionId=7NTY1MCTlfEnta3BUEmAtlnBqB88UXIb to asset
2020-10-21T14:25:05-0400 [INFO    ] backups2datalad.py Syncing asset /sub-GP31/sub-GP31_ses-GP31-B78.nwb
2020-10-21T14:25:05-0400 [WARNING ] backups2datalad.py Asset metadata does not include sha256 hash
2020-10-21T14:25:06-0400 [INFO    ] backups2datalad.py Asset not in dataset; will copy
2020-10-21T14:25:06-0400 [INFO    ] backups2datalad.py cp /mnt/backup/dandi/dandiarchive-s3-backup/girder-assetstore/a9/6c/a96ca18b398547e1be37e0d43ae29b4f -> /mnt/backup/dandi/dandisets/000019/sub-GP31/sub-GP31_ses-GP31-B78.nwb
2020-10-21T14:25:06-0400 [INFO    ] backups2datalad.py Adding asset to dataset
2020-10-21T14:25:18-0400 [INFO    ] backups2datalad.py Adding URL https://dandiarchive.s3.amazonaws.com/girder-assetstore/a9/6c/a96ca18b398547e1be37e0d43ae29b4f?versionId=4ynagX6b4FyV6WRKKjBUo.UDtxSryB6p to asset
2020-10-21T14:25:18-0400 [INFO    ] backups2datalad.py Syncing asset /sub-GP31/sub-GP31_ses-GP31-B82.nwb
2020-10-21T14:25:18-0400 [WARNING ] backups2datalad.py Asset metadata does not include sha256 hash
2020-10-21T14:25:19-0400 [INFO    ] backups2datalad.py Asset not in dataset; will copy
2020-10-21T14:25:19-0400 [INFO    ] backups2datalad.py cp /mnt/backup/dandi/dandiarchive-s3-backup/girder-assetstore/80/eb/80eb0ae57c9f4d0ebf5670ec50ff3343 -> /mnt/backup/dandi/dandisets/000019/sub-GP31/sub-GP31_ses-GP31-B82.nwb
2020-10-21T14:25:19-0400 [INFO    ] backups2datalad.py Adding asset to dataset
2020-10-21T14:25:32-0400 [INFO    ] backups2datalad.py Adding URL https://dandiarchive.s3.amazonaws.com/girder-assetstore/80/eb/80eb0ae57c9f4d0ebf5670ec50ff3343?versionId=J5ziNkkWPcPIDAGJSFOn2svP7QxwTsBR to asset
2020-10-21T14:25:32-0400 [INFO    ] backups2datalad.py Syncing asset /sub-GP31/sub-GP31_ses-GP31-B83.nwb
2020-10-21T14:25:32-0400 [WARNING ] backups2datalad.py Asset metadata does not include sha256 hash
2020-10-21T14:25:33-0400 [INFO    ] backups2datalad.py Asset not in dataset; will copy
2020-10-21T14:25:33-0400 [INFO    ] backups2datalad.py cp /mnt/backup/dandi/dandiarchive-s3-backup/girder-assetstore/65/46/65464847cab74d49aaa83e5ff18a3d60 -> /mnt/backup/dandi/dandisets/000019/sub-GP31/sub-GP31_ses-GP31-B83.nwb
2020-10-21T14:25:33-0400 [INFO    ] backups2datalad.py Adding asset to dataset
2020-10-21T14:25:45-0400 [INFO    ] backups2datalad.py Adding URL https://dandiarchive.s3.amazonaws.com/girder-assetstore/65/46/65464847cab74d49aaa83e5ff18a3d60?versionId=5sexTQD8zwP8_iwFM9kwcvahPKxjbFpg to asset
2020-10-21T14:25:45-0400 [INFO    ] backups2datalad.py Syncing asset /sub-GP31/sub-GP31_ses-GP31-B9.nwb
2020-10-21T14:25:45-0400 [WARNING ] backups2datalad.py Asset metadata does not include sha256 hash
2020-10-21T14:25:46-0400 [INFO    ] backups2datalad.py Asset not in dataset; will copy
2020-10-21T14:25:46-0400 [INFO    ] backups2datalad.py cp /mnt/backup/dandi/dandiarchive-s3-backup/girder-assetstore/b6/db/b6db2683a1494a488edbc60e056895e4 -> /mnt/backup/dandi/dandisets/000019/sub-GP31/sub-GP31_ses-GP31-B9.nwb
2020-10-21T14:25:46-0400 [INFO    ] backups2datalad.py Adding asset to dataset
2020-10-21T14:25:56-0400 [INFO    ] backups2datalad.py Adding URL https://dandiarchive.s3.amazonaws.com/girder-assetstore/b6/db/b6db2683a1494a488edbc60e056895e4?versionId=8iV32ov01oB9pa3BG20BSg1_XMF_nBIE to asset
2020-10-21T14:25:56-0400 [INFO    ] backups2datalad.py Syncing asset /sub-GP33/sub-GP33_ses-GP33-B1.nwb
2020-10-21T14:25:56-0400 [WARNING ] backups2datalad.py Asset metadata does not include sha256 hash
2020-10-21T14:25:56-0400 [INFO    ] backups2datalad.py Asset not in dataset; will copy
2020-10-21T14:25:56-0400 [INFO    ] backups2datalad.py cp /mnt/backup/dandi/dandiarchive-s3-backup/girder-assetstore/45/71/4571f02c1eb842ba89860933964a1c4c -> /mnt/backup/dandi/dandisets/000019/sub-GP33/sub-GP33_ses-GP33-B1.nwb
2020-10-21T14:25:56-0400 [INFO    ] backups2datalad.py Adding asset to dataset
2020-10-21T14:26:06-0400 [INFO    ] backups2datalad.py Adding URL https://dandiarchive.s3.amazonaws.com/girder-assetstore/45/71/4571f02c1eb842ba89860933964a1c4c?versionId=09GgzMRZI2W3BZn3CNe4cvQN0J5lBHKE to asset
2020-10-21T14:26:06-0400 [INFO    ] backups2datalad.py Syncing asset /sub-GP33/sub-GP33_ses-GP33-B30.nwb
2020-10-21T14:26:06-0400 [WARNING ] backups2datalad.py Asset metadata does not include sha256 hash
2020-10-21T14:26:07-0400 [INFO    ] backups2datalad.py Asset not in dataset; will copy
2020-10-21T14:26:07-0400 [INFO    ] backups2datalad.py cp /mnt/backup/dandi/dandiarchive-s3-backup/girder-assetstore/c8/39/c83913760a4c4fa8825b1f744e2523a3 -> /mnt/backup/dandi/dandisets/000019/sub-GP33/sub-GP33_ses-GP33-B30.nwb
2020-10-21T14:26:07-0400 [INFO    ] backups2datalad.py Adding asset to dataset
2020-10-21T14:26:18-0400 [INFO    ] backups2datalad.py Adding URL https://dandiarchive.s3.amazonaws.com/girder-assetstore/c8/39/c83913760a4c4fa8825b1f744e2523a3?versionId=jI8IAqmE4Xg1MteSTBc7Lsy2htpwVMqs to asset
2020-10-21T14:26:18-0400 [INFO    ] backups2datalad.py Syncing asset /sub-GP33/sub-GP33_ses-GP33-B5.nwb
2020-10-21T14:26:18-0400 [WARNING ] backups2datalad.py Asset metadata does not include sha256 hash
2020-10-21T14:26:19-0400 [INFO    ] backups2datalad.py Asset not in dataset; will copy
2020-10-21T14:26:19-0400 [INFO    ] backups2datalad.py cp /mnt/backup/dandi/dandiarchive-s3-backup/girder-assetstore/ee/96/ee9688dccf484a76861491cfa733c65c -> /mnt/backup/dandi/dandisets/000019/sub-GP33/sub-GP33_ses-GP33-B5.nwb
2020-10-21T14:26:19-0400 [INFO    ] backups2datalad.py Adding asset to dataset
2020-10-21T14:26:31-0400 [INFO    ] backups2datalad.py Adding URL https://dandiarchive.s3.amazonaws.com/girder-assetstore/ee/96/ee9688dccf484a76861491cfa733c65c?versionId=njI9VaTgfJ7HVhiaW8AKUdWdPfM3qpBl to asset
2020-10-21T14:26:31-0400 [INFO    ] backups2datalad.py Commiting changes
